[2023-10-22T17:03:18.201+0000] {taskinstance.py:1159} INFO - Dependencies all met for dep_context=non-requeueable deps ti=<TaskInstance: update_dwh.stg_update manual__2023-10-22T17:03:15.641490+00:00 [queued]>
[2023-10-22T17:03:18.208+0000] {taskinstance.py:1159} INFO - Dependencies all met for dep_context=requeueable deps ti=<TaskInstance: update_dwh.stg_update manual__2023-10-22T17:03:15.641490+00:00 [queued]>
[2023-10-22T17:03:18.208+0000] {taskinstance.py:1361} INFO - Starting attempt 1 of 1
[2023-10-22T17:03:18.217+0000] {taskinstance.py:1382} INFO - Executing <Task(PythonOperator): stg_update> on 2023-10-22 17:03:15.641490+00:00
[2023-10-22T17:03:18.222+0000] {standard_task_runner.py:57} INFO - Started process 820 to run task
[2023-10-22T17:03:18.225+0000] {standard_task_runner.py:84} INFO - Running: ['***', 'tasks', 'run', 'update_dwh', 'stg_update', 'manual__2023-10-22T17:03:15.641490+00:00', '--job-id', '194', '--raw', '--subdir', 'DAGS_FOLDER/update_dwh_dag.py', '--cfg-path', '/tmp/tmpyol53jp1']
[2023-10-22T17:03:18.226+0000] {standard_task_runner.py:85} INFO - Job 194: Subtask stg_update
[2023-10-22T17:03:18.267+0000] {task_command.py:416} INFO - Running <TaskInstance: update_dwh.stg_update manual__2023-10-22T17:03:15.641490+00:00 [running]> on host 1f8bb8a692af
[2023-10-22T17:03:18.317+0000] {taskinstance.py:1662} INFO - Exporting env vars: AIRFLOW_CTX_DAG_OWNER='***' AIRFLOW_CTX_DAG_ID='update_dwh' AIRFLOW_CTX_TASK_ID='stg_update' AIRFLOW_CTX_EXECUTION_DATE='2023-10-22T17:03:15.641490+00:00' AIRFLOW_CTX_TRY_NUMBER='1' AIRFLOW_CTX_DAG_RUN_ID='manual__2023-10-22T17:03:15.641490+00:00'
[2023-10-22T17:03:18.342+0000] {base.py:73} INFO - Using connection ID 'stg_conn' for task execution.
[2023-10-22T17:03:18.348+0000] {base.py:73} INFO - Using connection ID 'stg_conn' for task execution.
[2023-10-22T17:03:18.875+0000] {taskinstance.py:1937} ERROR - Task failed with exception
Traceback (most recent call last):
  File "/home/airflow/.local/lib/python3.8/site-packages/sqlalchemy/engine/base.py", line 1890, in _execute_context
    self.dialect.do_executemany(
  File "/home/airflow/.local/lib/python3.8/site-packages/sqlalchemy/dialects/postgresql/psycopg2.py", line 982, in do_executemany
    context._psycopg2_fetched_rows = xtras.execute_values(
  File "/home/airflow/.local/lib/python3.8/site-packages/psycopg2/extras.py", line 1299, in execute_values
    cur.execute(b''.join(parts))
psycopg2.errors.UndefinedColumn: column "overtime" of relation "stg_table" does not exist
LINE 1: ...yincome, monthlyrate, numcompaniesworked, over18, overtime, ...
                                                             ^


The above exception was the direct cause of the following exception:

Traceback (most recent call last):
  File "/home/airflow/.local/lib/python3.8/site-packages/airflow/operators/python.py", line 192, in execute
    return_value = self.execute_callable()
  File "/home/airflow/.local/lib/python3.8/site-packages/airflow/operators/python.py", line 209, in execute_callable
    return self.python_callable(*self.op_args, **self.op_kwargs)
  File "/opt/airflow/dags/update_dwh_dag.py", line 33, in _stg_update
    raw_file.to_sql(
  File "/home/airflow/.local/lib/python3.8/site-packages/pandas/core/generic.py", line 2878, in to_sql
    return sql.to_sql(
  File "/home/airflow/.local/lib/python3.8/site-packages/pandas/io/sql.py", line 769, in to_sql
    return pandas_sql.to_sql(
  File "/home/airflow/.local/lib/python3.8/site-packages/pandas/io/sql.py", line 1920, in to_sql
    total_inserted = sql_engine.insert_records(
  File "/home/airflow/.local/lib/python3.8/site-packages/pandas/io/sql.py", line 1470, in insert_records
    raise err
  File "/home/airflow/.local/lib/python3.8/site-packages/pandas/io/sql.py", line 1461, in insert_records
    return table.insert(chunksize=chunksize, method=method)
  File "/home/airflow/.local/lib/python3.8/site-packages/pandas/io/sql.py", line 1023, in insert
    num_inserted = exec_insert(conn, keys, chunk_iter)
  File "/home/airflow/.local/lib/python3.8/site-packages/pandas/io/sql.py", line 929, in _execute_insert
    result = conn.execute(self.table.insert(), data)
  File "/home/airflow/.local/lib/python3.8/site-packages/sqlalchemy/engine/base.py", line 1385, in execute
    return meth(self, multiparams, params, _EMPTY_EXECUTION_OPTS)
  File "/home/airflow/.local/lib/python3.8/site-packages/sqlalchemy/sql/elements.py", line 334, in _execute_on_connection
    return connection._execute_clauseelement(
  File "/home/airflow/.local/lib/python3.8/site-packages/sqlalchemy/engine/base.py", line 1577, in _execute_clauseelement
    ret = self._execute_context(
  File "/home/airflow/.local/lib/python3.8/site-packages/sqlalchemy/engine/base.py", line 1953, in _execute_context
    self._handle_dbapi_exception(
  File "/home/airflow/.local/lib/python3.8/site-packages/sqlalchemy/engine/base.py", line 2134, in _handle_dbapi_exception
    util.raise_(
  File "/home/airflow/.local/lib/python3.8/site-packages/sqlalchemy/util/compat.py", line 211, in raise_
    raise exception
  File "/home/airflow/.local/lib/python3.8/site-packages/sqlalchemy/engine/base.py", line 1890, in _execute_context
    self.dialect.do_executemany(
  File "/home/airflow/.local/lib/python3.8/site-packages/sqlalchemy/dialects/postgresql/psycopg2.py", line 982, in do_executemany
    context._psycopg2_fetched_rows = xtras.execute_values(
  File "/home/airflow/.local/lib/python3.8/site-packages/psycopg2/extras.py", line 1299, in execute_values
    cur.execute(b''.join(parts))
sqlalchemy.exc.ProgrammingError: (psycopg2.errors.UndefinedColumn) column "overtime" of relation "stg_table" does not exist
LINE 1: ...yincome, monthlyrate, numcompaniesworked, over18, overtime, ...
                                                             ^

[SQL: INSERT INTO staging.stg_table (age, attrition, businesstravel, department, distancefromhome, education, educationfield, employeenumber, environmentsatisfaction, gender, hourlyrate, jobinvolvement, joblevel, jobrole, jobsatisfaction, maritalstatus, monthlyincome, monthlyrate, numcompaniesworked, over18, overtime, percentsalaryhike, performancerating, relationshipsatisfaction, standardhours, stockoptionlevel, totalworkingyears, trainingtimeslastyear, worklifebalance, yearsatcompany, yearsincurrentrole, yearssincelastpromotion, yearswithcurrmanager, name, lastname) VALUES (%(age)s, %(attrition)s, %(businesstravel)s, %(department)s, %(distancefromhome)s, %(education)s, %(educationfield)s, %(employeenumber)s, %(environmentsatisfaction)s, %(gender)s, %(hourlyrate)s, %(jobinvolvement)s, %(joblevel)s, %(jobrole)s, %(jobsatisfaction)s, %(maritalstatus)s, %(monthlyincome)s, %(monthlyrate)s, %(numcompaniesworked)s, %(over18)s, %(overtime)s, %(percentsalaryhike)s, %(performancerating)s, %(relationshipsatisfaction)s, %(standardhours)s, %(stockoptionlevel)s, %(totalworkingyears)s, %(trainingtimeslastyear)s, %(worklifebalance)s, %(yearsatcompany)s, %(yearsincurrentrole)s, %(yearssincelastpromotion)s, %(yearswithcurrmanager)s, %(name)s, %(lastname)s)]
[parameters: ({'age': 41, 'attrition': 'Yes', 'businesstravel': 'Travel_Rarely', 'department': 'Sales', 'distancefromhome': 1, 'education': 2, 'educationfield': 'Life Sciences', 'employeenumber': 1, 'environmentsatisfaction': 2, 'gender': 'Female', 'hourlyrate': 94, 'jobinvolvement': 3, 'joblevel': 2, 'jobrole': 'Sales Executive', 'jobsatisfaction': 4, 'maritalstatus': 'Single', 'monthlyincome': 5993, 'monthlyrate': 19479, 'numcompaniesworked': 8, 'over18': 'Y', 'overtime': 'Yes', 'percentsalaryhike': 11, 'performancerating': 3, 'relationshipsatisfaction': 1, 'standardhours': 80, 'stockoptionlevel': 0, 'totalworkingyears': 8, 'trainingtimeslastyear': 0, 'worklifebalance': 1, 'yearsatcompany': 6, 'yearsincurrentrole': 4, 'yearssincelastpromotion': 0, 'yearswithcurrmanager': 5, 'name': 'Ираида', 'lastname': 'Шарапова'}, {'age': 49, 'attrition': 'No', 'businesstravel': 'Travel_Frequently', 'department': 'Research & Development', 'distancefromhome': 8, 'education': 1, 'educationfield': 'Life Sciences', 'employeenumber': 2, 'environmentsatisfaction': 3, 'gender': 'Male', 'hourlyrate': 61, 'jobinvolvement': 2, 'joblevel': 2, 'jobrole': 'Research Scientist', 'jobsatisfaction': 2, 'maritalstatus': 'Married', 'monthlyincome': 5130, 'monthlyrate': 24907, 'numcompaniesworked': 1, 'over18': 'Y', 'overtime': 'No', 'percentsalaryhike': 23, 'performancerating': 4, 'relationshipsatisfaction': 4, 'standardhours': 80, 'stockoptionlevel': 1, 'totalworkingyears': 10, 'trainingtimeslastyear': 3, 'worklifebalance': 3, 'yearsatcompany': 10, 'yearsincurrentrole': 7, 'yearssincelastpromotion': 1, 'yearswithcurrmanager': 7, 'name': 'Эдуард', 'lastname': 'Зайцев'}, {'age': 37, 'attrition': 'Yes', 'businesstravel': 'Travel_Rarely', 'department': 'Research & Development', 'distancefromhome': 2, 'education': 2, 'educationfield': 'Other', 'employeenumber': 4, 'environmentsatisfaction': 4, 'gender': 'Male', 'hourlyrate': 92, 'jobinvolvement': 2, 'joblevel': 1, 'jobrole': 'Laboratory Technician', 'jobsatisfaction': 3, 'maritalstatus': 'Single', 'monthlyincome': 2090, 'monthlyrate': 2396, 'numcompaniesworked': 6, 'over18': 'Y', 'overtime': 'Yes', 'percentsalaryhike': 15, 'performancerating': 3, 'relationshipsatisfaction': 2, 'standardhours': 80, 'stockoptionlevel': 0, 'totalworkingyears': 7, 'trainingtimeslastyear': 3, 'worklifebalance': 3, 'yearsatcompany': 0, 'yearsincurrentrole': 0, 'yearssincelastpromotion': 0, 'yearswithcurrmanager': 0, 'name': 'Азарий', 'lastname': 'Селезнев'}, {'age': 33, 'attrition': 'No', 'businesstravel': 'Travel_Frequently', 'department': 'Research & Development', 'distancefromhome': 3, 'education': 4, 'educationfield': 'Life Sciences', 'employeenumber': 5, 'environmentsatisfaction': 4, 'gender': 'Female', 'hourlyrate': 56, 'jobinvolvement': 3, 'joblevel': 1, 'jobrole': 'Research Scientist', 'jobsatisfaction': 3, 'maritalstatus': 'Married', 'monthlyincome': 2909, 'monthlyrate': 23159, 'numcompaniesworked': 1, 'over18': 'Y', 'overtime': 'Yes', 'percentsalaryhike': 11, 'performancerating': 3, 'relationshipsatisfaction': 3, 'standardhours': 80, 'stockoptionlevel': 0, 'totalworkingyears': 8, 'trainingtimeslastyear': 3, 'worklifebalance': 3, 'yearsatcompany': 8, 'yearsincurrentrole': 7, 'yearssincelastpromotion': 3, 'yearswithcurrmanager': 0, 'name': 'Вера', 'lastname': 'Кузнецова'}, {'age': 27, 'attrition': 'No', 'businesstravel': 'Travel_Rarely', 'department': 'Research & Development', 'distancefromhome': 2, 'education': 1, 'educationfield': 'Medical', 'employeenumber': 7, 'environmentsatisfaction': 1, 'gender': 'Male', 'hourlyrate': 40, 'jobinvolvement': 3, 'joblevel': 1, 'jobrole': 'Laboratory Technician', 'jobsatisfaction': 2, 'maritalstatus': 'Married', 'monthlyincome': 3468, 'monthlyrate': 16632, 'numcompaniesworked': 9, 'over18': 'Y', 'overtime': 'No', 'percentsalaryhike': 12, 'performancerating': 3, 'relationshipsatisfaction': 4, 'standardhours': 80, 'stockoptionlevel': 1, 'totalworkingyears': 6, 'trainingtimeslastyear': 3, 'worklifebalance': 3, 'yearsatcompany': 2, 'yearsincurrentrole': 2, 'yearssincelastpromotion': 2, 'yearswithcurrmanager': 2, 'name': 'Валерий', 'lastname': 'Фомин'}, {'age': 32, 'attrition': 'No', 'businesstravel': 'Travel_Frequently', 'department': 'Research & Development', 'distancefromhome': 2, 'education': 2, 'educationfield': 'Life Sciences', 'employeenumber': 8, 'environmentsatisfaction': 4, 'gender': 'Male', 'hourlyrate': 79, 'jobinvolvement': 3, 'joblevel': 1, 'jobrole': 'Laboratory Technician', 'jobsatisfaction': 4, 'maritalstatus': 'Single', 'monthlyincome': 3068, 'monthlyrate': 11864, 'numcompaniesworked': 0, 'over18': 'Y', 'overtime': 'No', 'percentsalaryhike': 13, 'performancerating': 3, 'relationshipsatisfaction': 3, 'standardhours': 80, 'stockoptionlevel': 0, 'totalworkingyears': 8, 'trainingtimeslastyear': 2, 'worklifebalance': 2, 'yearsatcompany': 7, 'yearsincurrentrole': 7, 'yearssincelastpromotion': 3, 'yearswithcurrmanager': 6, 'name': 'Пантелеймон', 'lastname': 'Поляков'}, {'age': 59, 'attrition': 'No', 'businesstravel': 'Travel_Rarely', 'department': 'Research & Development', 'distancefromhome': 3, 'education': 3, 'educationfield': 'Medical', 'employeenumber': 10, 'environmentsatisfaction': 3, 'gender': 'Female', 'hourlyrate': 81, 'jobinvolvement': 4, 'joblevel': 1, 'jobrole': 'Laboratory Technician', 'jobsatisfaction': 1, 'maritalstatus': 'Married', 'monthlyincome': 2670, 'monthlyrate': 9964, 'numcompaniesworked': 4, 'over18': 'Y', 'overtime': 'Yes', 'percentsalaryhike': 20, 'performancerating': 4, 'relationshipsatisfaction': 1, 'standardhours': 80, 'stockoptionlevel': 3, 'totalworkingyears': 12, 'trainingtimeslastyear': 3, 'worklifebalance': 2, 'yearsatcompany': 1, 'yearsincurrentrole': 0, 'yearssincelastpromotion': 0, 'yearswithcurrmanager': 0, 'name': 'Анна', 'lastname': 'Меркушева'}, {'age': 30, 'attrition': 'No', 'businesstravel': 'Travel_Rarely', 'department': 'Research & Development', 'distancefromhome': 24, 'education': 1, 'educationfield': 'Life Sciences', 'employeenumber': 11, 'environmentsatisfaction': 4, 'gender': 'Male', 'hourlyrate': 67, 'jobinvolvement': 3, 'joblevel': 1, 'jobrole': 'Laboratory Technician', 'jobsatisfaction': 3, 'maritalstatus': 'Divorced', 'monthlyincome': 2693, 'monthlyrate': 13335, 'numcompaniesworked': 1, 'over18': 'Y', 'overtime': 'No', 'percentsalaryhike': 22, 'performancerating': 4, 'relationshipsatisfaction': 2, 'standardhours': 80, 'stockoptionlevel': 1, 'totalworkingyears': 1, 'trainingtimeslastyear': 2, 'worklifebalance': 3, 'yearsatcompany': 1, 'yearsincurrentrole': 0, 'yearssincelastpromotion': 0, 'yearswithcurrmanager': 0, 'name': 'Варлаам', 'lastname': 'Воронцов'}  ... displaying 10 of 1470 total bound parameter sets ...  {'age': 49, 'attrition': 'No', 'businesstravel': 'Travel_Frequently', 'department': 'Sales', 'distancefromhome': 2, 'education': 3, 'educationfield': 'Medical', 'employeenumber': 2065, 'environmentsatisfaction': 4, 'gender': 'Male', 'hourlyrate': 63, 'jobinvolvement': 2, 'joblevel': 2, 'jobrole': 'Sales Executive', 'jobsatisfaction': 2, 'maritalstatus': 'Married', 'monthlyincome': 5390, 'monthlyrate': 13243, 'numcompaniesworked': 2, 'over18': 'Y', 'overtime': 'No', 'percentsalaryhike': 14, 'performancerating': 3, 'relationshipsatisfaction': 4, 'standardhours': 80, 'stockoptionlevel': 0, 'totalworkingyears': 17, 'trainingtimeslastyear': 3, 'worklifebalance': 2, 'yearsatcompany': 9, 'yearsincurrentrole': 6, 'yearssincelastpromotion': 0, 'yearswithcurrmanager': 8, 'name': 'Евгений', 'lastname': 'Муравьев'}, {'age': 34, 'attrition': 'No', 'businesstravel': 'Travel_Rarely', 'department': 'Research & Development', 'distancefromhome': 8, 'education': 3, 'educationfield': 'Medical', 'employeenumber': 2068, 'environmentsatisfaction': 2, 'gender': 'Male', 'hourlyrate': 82, 'jobinvolvement': 4, 'joblevel': 2, 'jobrole': 'Laboratory Technician', 'jobsatisfaction': 3, 'maritalstatus': 'Married', 'monthlyincome': 4404, 'monthlyrate': 10228, 'numcompaniesworked': 2, 'over18': 'Y', 'overtime': 'No', 'percentsalaryhike': 12, 'performancerating': 3, 'relationshipsatisfaction': 1, 'standardhours': 80, 'stockoptionlevel': 0, 'totalworkingyears': 6, 'trainingtimeslastyear': 3, 'worklifebalance': 4, 'yearsatcompany': 4, 'yearsincurrentrole': 3, 'yearssincelastpromotion': 1, 'yearswithcurrmanager': 2, 'name': 'Каллистрат', 'lastname': 'Кудряшов'})]
(Background on this error at: https://sqlalche.me/e/14/f405)
[2023-10-22T17:03:18.890+0000] {taskinstance.py:1400} INFO - Marking task as FAILED. dag_id=update_dwh, task_id=stg_update, execution_date=20231022T170315, start_date=20231022T170318, end_date=20231022T170318
[2023-10-22T17:03:18.897+0000] {standard_task_runner.py:104} ERROR - Failed to execute job 194 for task stg_update ((psycopg2.errors.UndefinedColumn) column "overtime" of relation "stg_table" does not exist
LINE 1: ...yincome, monthlyrate, numcompaniesworked, over18, overtime, ...
                                                             ^

[SQL: INSERT INTO staging.stg_table (age, attrition, businesstravel, department, distancefromhome, education, educationfield, employeenumber, environmentsatisfaction, gender, hourlyrate, jobinvolvement, joblevel, jobrole, jobsatisfaction, maritalstatus, monthlyincome, monthlyrate, numcompaniesworked, over18, overtime, percentsalaryhike, performancerating, relationshipsatisfaction, standardhours, stockoptionlevel, totalworkingyears, trainingtimeslastyear, worklifebalance, yearsatcompany, yearsincurrentrole, yearssincelastpromotion, yearswithcurrmanager, name, lastname) VALUES (%(age)s, %(attrition)s, %(businesstravel)s, %(department)s, %(distancefromhome)s, %(education)s, %(educationfield)s, %(employeenumber)s, %(environmentsatisfaction)s, %(gender)s, %(hourlyrate)s, %(jobinvolvement)s, %(joblevel)s, %(jobrole)s, %(jobsatisfaction)s, %(maritalstatus)s, %(monthlyincome)s, %(monthlyrate)s, %(numcompaniesworked)s, %(over18)s, %(overtime)s, %(percentsalaryhike)s, %(performancerating)s, %(relationshipsatisfaction)s, %(standardhours)s, %(stockoptionlevel)s, %(totalworkingyears)s, %(trainingtimeslastyear)s, %(worklifebalance)s, %(yearsatcompany)s, %(yearsincurrentrole)s, %(yearssincelastpromotion)s, %(yearswithcurrmanager)s, %(name)s, %(lastname)s)]
[parameters: ({'age': 41, 'attrition': 'Yes', 'businesstravel': 'Travel_Rarely', 'department': 'Sales', 'distancefromhome': 1, 'education': 2, 'educationfield': 'Life Sciences', 'employeenumber': 1, 'environmentsatisfaction': 2, 'gender': 'Female', 'hourlyrate': 94, 'jobinvolvement': 3, 'joblevel': 2, 'jobrole': 'Sales Executive', 'jobsatisfaction': 4, 'maritalstatus': 'Single', 'monthlyincome': 5993, 'monthlyrate': 19479, 'numcompaniesworked': 8, 'over18': 'Y', 'overtime': 'Yes', 'percentsalaryhike': 11, 'performancerating': 3, 'relationshipsatisfaction': 1, 'standardhours': 80, 'stockoptionlevel': 0, 'totalworkingyears': 8, 'trainingtimeslastyear': 0, 'worklifebalance': 1, 'yearsatcompany': 6, 'yearsincurrentrole': 4, 'yearssincelastpromotion': 0, 'yearswithcurrmanager': 5, 'name': 'Ираида', 'lastname': 'Шарапова'}, {'age': 49, 'attrition': 'No', 'businesstravel': 'Travel_Frequently', 'department': 'Research & Development', 'distancefromhome': 8, 'education': 1, 'educationfield': 'Life Sciences', 'employeenumber': 2, 'environmentsatisfaction': 3, 'gender': 'Male', 'hourlyrate': 61, 'jobinvolvement': 2, 'joblevel': 2, 'jobrole': 'Research Scientist', 'jobsatisfaction': 2, 'maritalstatus': 'Married', 'monthlyincome': 5130, 'monthlyrate': 24907, 'numcompaniesworked': 1, 'over18': 'Y', 'overtime': 'No', 'percentsalaryhike': 23, 'performancerating': 4, 'relationshipsatisfaction': 4, 'standardhours': 80, 'stockoptionlevel': 1, 'totalworkingyears': 10, 'trainingtimeslastyear': 3, 'worklifebalance': 3, 'yearsatcompany': 10, 'yearsincurrentrole': 7, 'yearssincelastpromotion': 1, 'yearswithcurrmanager': 7, 'name': 'Эдуард', 'lastname': 'Зайцев'}, {'age': 37, 'attrition': 'Yes', 'businesstravel': 'Travel_Rarely', 'department': 'Research & Development', 'distancefromhome': 2, 'education': 2, 'educationfield': 'Other', 'employeenumber': 4, 'environmentsatisfaction': 4, 'gender': 'Male', 'hourlyrate': 92, 'jobinvolvement': 2, 'joblevel': 1, 'jobrole': 'Laboratory Technician', 'jobsatisfaction': 3, 'maritalstatus': 'Single', 'monthlyincome': 2090, 'monthlyrate': 2396, 'numcompaniesworked': 6, 'over18': 'Y', 'overtime': 'Yes', 'percentsalaryhike': 15, 'performancerating': 3, 'relationshipsatisfaction': 2, 'standardhours': 80, 'stockoptionlevel': 0, 'totalworkingyears': 7, 'trainingtimeslastyear': 3, 'worklifebalance': 3, 'yearsatcompany': 0, 'yearsincurrentrole': 0, 'yearssincelastpromotion': 0, 'yearswithcurrmanager': 0, 'name': 'Азарий', 'lastname': 'Селезнев'}, {'age': 33, 'attrition': 'No', 'businesstravel': 'Travel_Frequently', 'department': 'Research & Development', 'distancefromhome': 3, 'education': 4, 'educationfield': 'Life Sciences', 'employeenumber': 5, 'environmentsatisfaction': 4, 'gender': 'Female', 'hourlyrate': 56, 'jobinvolvement': 3, 'joblevel': 1, 'jobrole': 'Research Scientist', 'jobsatisfaction': 3, 'maritalstatus': 'Married', 'monthlyincome': 2909, 'monthlyrate': 23159, 'numcompaniesworked': 1, 'over18': 'Y', 'overtime': 'Yes', 'percentsalaryhike': 11, 'performancerating': 3, 'relationshipsatisfaction': 3, 'standardhours': 80, 'stockoptionlevel': 0, 'totalworkingyears': 8, 'trainingtimeslastyear': 3, 'worklifebalance': 3, 'yearsatcompany': 8, 'yearsincurrentrole': 7, 'yearssincelastpromotion': 3, 'yearswithcurrmanager': 0, 'name': 'Вера', 'lastname': 'Кузнецова'}, {'age': 27, 'attrition': 'No', 'businesstravel': 'Travel_Rarely', 'department': 'Research & Development', 'distancefromhome': 2, 'education': 1, 'educationfield': 'Medical', 'employeenumber': 7, 'environmentsatisfaction': 1, 'gender': 'Male', 'hourlyrate': 40, 'jobinvolvement': 3, 'joblevel': 1, 'jobrole': 'Laboratory Technician', 'jobsatisfaction': 2, 'maritalstatus': 'Married', 'monthlyincome': 3468, 'monthlyrate': 16632, 'numcompaniesworked': 9, 'over18': 'Y', 'overtime': 'No', 'percentsalaryhike': 12, 'performancerating': 3, 'relationshipsatisfaction': 4, 'standardhours': 80, 'stockoptionlevel': 1, 'totalworkingyears': 6, 'trainingtimeslastyear': 3, 'worklifebalance': 3, 'yearsatcompany': 2, 'yearsincurrentrole': 2, 'yearssincelastpromotion': 2, 'yearswithcurrmanager': 2, 'name': 'Валерий', 'lastname': 'Фомин'}, {'age': 32, 'attrition': 'No', 'businesstravel': 'Travel_Frequently', 'department': 'Research & Development', 'distancefromhome': 2, 'education': 2, 'educationfield': 'Life Sciences', 'employeenumber': 8, 'environmentsatisfaction': 4, 'gender': 'Male', 'hourlyrate': 79, 'jobinvolvement': 3, 'joblevel': 1, 'jobrole': 'Laboratory Technician', 'jobsatisfaction': 4, 'maritalstatus': 'Single', 'monthlyincome': 3068, 'monthlyrate': 11864, 'numcompaniesworked': 0, 'over18': 'Y', 'overtime': 'No', 'percentsalaryhike': 13, 'performancerating': 3, 'relationshipsatisfaction': 3, 'standardhours': 80, 'stockoptionlevel': 0, 'totalworkingyears': 8, 'trainingtimeslastyear': 2, 'worklifebalance': 2, 'yearsatcompany': 7, 'yearsincurrentrole': 7, 'yearssincelastpromotion': 3, 'yearswithcurrmanager': 6, 'name': 'Пантелеймон', 'lastname': 'Поляков'}, {'age': 59, 'attrition': 'No', 'businesstravel': 'Travel_Rarely', 'department': 'Research & Development', 'distancefromhome': 3, 'education': 3, 'educationfield': 'Medical', 'employeenumber': 10, 'environmentsatisfaction': 3, 'gender': 'Female', 'hourlyrate': 81, 'jobinvolvement': 4, 'joblevel': 1, 'jobrole': 'Laboratory Technician', 'jobsatisfaction': 1, 'maritalstatus': 'Married', 'monthlyincome': 2670, 'monthlyrate': 9964, 'numcompaniesworked': 4, 'over18': 'Y', 'overtime': 'Yes', 'percentsalaryhike': 20, 'performancerating': 4, 'relationshipsatisfaction': 1, 'standardhours': 80, 'stockoptionlevel': 3, 'totalworkingyears': 12, 'trainingtimeslastyear': 3, 'worklifebalance': 2, 'yearsatcompany': 1, 'yearsincurrentrole': 0, 'yearssincelastpromotion': 0, 'yearswithcurrmanager': 0, 'name': 'Анна', 'lastname': 'Меркушева'}, {'age': 30, 'attrition': 'No', 'businesstravel': 'Travel_Rarely', 'department': 'Research & Development', 'distancefromhome': 24, 'education': 1, 'educationfield': 'Life Sciences', 'employeenumber': 11, 'environmentsatisfaction': 4, 'gender': 'Male', 'hourlyrate': 67, 'jobinvolvement': 3, 'joblevel': 1, 'jobrole': 'Laboratory Technician', 'jobsatisfaction': 3, 'maritalstatus': 'Divorced', 'monthlyincome': 2693, 'monthlyrate': 13335, 'numcompaniesworked': 1, 'over18': 'Y', 'overtime': 'No', 'percentsalaryhike': 22, 'performancerating': 4, 'relationshipsatisfaction': 2, 'standardhours': 80, 'stockoptionlevel': 1, 'totalworkingyears': 1, 'trainingtimeslastyear': 2, 'worklifebalance': 3, 'yearsatcompany': 1, 'yearsincurrentrole': 0, 'yearssincelastpromotion': 0, 'yearswithcurrmanager': 0, 'name': 'Варлаам', 'lastname': 'Воронцов'}  ... displaying 10 of 1470 total bound parameter sets ...  {'age': 49, 'attrition': 'No', 'businesstravel': 'Travel_Frequently', 'department': 'Sales', 'distancefromhome': 2, 'education': 3, 'educationfield': 'Medical', 'employeenumber': 2065, 'environmentsatisfaction': 4, 'gender': 'Male', 'hourlyrate': 63, 'jobinvolvement': 2, 'joblevel': 2, 'jobrole': 'Sales Executive', 'jobsatisfaction': 2, 'maritalstatus': 'Married', 'monthlyincome': 5390, 'monthlyrate': 13243, 'numcompaniesworked': 2, 'over18': 'Y', 'overtime': 'No', 'percentsalaryhike': 14, 'performancerating': 3, 'relationshipsatisfaction': 4, 'standardhours': 80, 'stockoptionlevel': 0, 'totalworkingyears': 17, 'trainingtimeslastyear': 3, 'worklifebalance': 2, 'yearsatcompany': 9, 'yearsincurrentrole': 6, 'yearssincelastpromotion': 0, 'yearswithcurrmanager': 8, 'name': 'Евгений', 'lastname': 'Муравьев'}, {'age': 34, 'attrition': 'No', 'businesstravel': 'Travel_Rarely', 'department': 'Research & Development', 'distancefromhome': 8, 'education': 3, 'educationfield': 'Medical', 'employeenumber': 2068, 'environmentsatisfaction': 2, 'gender': 'Male', 'hourlyrate': 82, 'jobinvolvement': 4, 'joblevel': 2, 'jobrole': 'Laboratory Technician', 'jobsatisfaction': 3, 'maritalstatus': 'Married', 'monthlyincome': 4404, 'monthlyrate': 10228, 'numcompaniesworked': 2, 'over18': 'Y', 'overtime': 'No', 'percentsalaryhike': 12, 'performancerating': 3, 'relationshipsatisfaction': 1, 'standardhours': 80, 'stockoptionlevel': 0, 'totalworkingyears': 6, 'trainingtimeslastyear': 3, 'worklifebalance': 4, 'yearsatcompany': 4, 'yearsincurrentrole': 3, 'yearssincelastpromotion': 1, 'yearswithcurrmanager': 2, 'name': 'Каллистрат', 'lastname': 'Кудряшов'})]
(Background on this error at: https://sqlalche.me/e/14/f405); 820)
[2023-10-22T17:03:18.918+0000] {local_task_job_runner.py:228} INFO - Task exited with return code 1
[2023-10-22T17:03:18.929+0000] {taskinstance.py:2778} INFO - 0 downstream tasks scheduled from follow-on schedule check
